D:\project\test\treeview\Debug\cl.command.1.tlog
D:\project\test\treeview\Debug\CL.read.1.tlog
D:\project\test\treeview\Debug\CL.write.1.tlog
D:\project\test\treeview\Debug\link.1388.read.1.tlog
D:\project\test\treeview\Debug\link.1388.write.1.tlog
D:\project\test\treeview\Debug\link.1388-cvtres.read.1.tlog
D:\project\test\treeview\Debug\link.1388-cvtres.write.1.tlog
D:\project\test\treeview\Debug\link.16424.read.1.tlog
D:\project\test\treeview\Debug\link.16424.write.1.tlog
D:\project\test\treeview\Debug\link.16424-cvtres.read.1.tlog
D:\project\test\treeview\Debug\link.16424-cvtres.write.1.tlog
D:\project\test\treeview\Debug\link.3064.read.1.tlog
D:\project\test\treeview\Debug\link.3064.write.1.tlog
D:\project\test\treeview\Debug\link.3064-cvtres.read.1.tlog
D:\project\test\treeview\Debug\link.3064-cvtres.write.1.tlog
D:\project\test\treeview\Debug\link.6468.read.1.tlog
D:\project\test\treeview\Debug\link.6468.write.1.tlog
D:\project\test\treeview\Debug\link.6468-cvtres.read.1.tlog
D:\project\test\treeview\Debug\link.6468-cvtres.write.1.tlog
D:\project\test\treeview\Debug\link.7508.read.1.tlog
D:\project\test\treeview\Debug\link.7508.write.1.tlog
D:\project\test\treeview\Debug\link.7508-cvtres.read.1.tlog
D:\project\test\treeview\Debug\link.7508-cvtres.write.1.tlog
D:\project\test\treeview\Debug\link.7724.read.1.tlog
D:\project\test\treeview\Debug\link.7724.write.1.tlog
D:\project\test\treeview\Debug\link.7724-cvtres.read.1.tlog
D:\project\test\treeview\Debug\link.7724-cvtres.write.1.tlog
D:\project\test\treeview\Debug\link.7788.read.1.tlog
D:\project\test\treeview\Debug\link.7788.write.1.tlog
D:\project\test\treeview\Debug\link.7788-cvtres.read.1.tlog
D:\project\test\treeview\Debug\link.7788-cvtres.write.1.tlog
D:\project\test\treeview\Debug\link.9560.read.1.tlog
D:\project\test\treeview\Debug\link.9560.write.1.tlog
D:\project\test\treeview\Debug\link.9560-cvtres.read.1.tlog
D:\project\test\treeview\Debug\link.9560-cvtres.write.1.tlog
D:\project\test\treeview\Debug\link.command.1.tlog
D:\project\test\treeview\Debug\link.read.1.tlog
D:\project\test\treeview\Debug\link.write.1.tlog
D:\project\test\treeview\Debug\link-cvtres.read.1.tlog
D:\project\test\treeview\Debug\link-cvtres.write.1.tlog
D:\project\test\treeview\Debug\mt.command.1.tlog
D:\project\test\treeview\Debug\mt.read.1.tlog
D:\project\test\treeview\Debug\mt.write.1.tlog
D:\project\test\treeview\Debug\rc.command.1.tlog
D:\project\test\treeview\Debug\rc.read.1.tlog
D:\project\test\treeview\Debug\rc.write.1.tlog
D:\project\test\treeview\Debug\regexp.ilk
D:\project\test\treeview\Debug\regexp.pdb
D:\PROJECT\TEST\TREEVIEW\DEBUG\STDAFX.OBJ
D:\PROJECT\TEST\TREEVIEW\DEBUG\TITLESHOWDLG.OBJ
D:\PROJECT\TEST\TREEVIEW\DEBUG\TITLETEMPLATEDLG.OBJ
D:\PROJECT\TEST\TREEVIEW\DEBUG\TREEVIEW.EXE
D:\PROJECT\TEST\TREEVIEW\DEBUG\TREEVIEW.EXE.EMBED.MANIFEST
D:\PROJECT\TEST\TREEVIEW\DEBUG\TREEVIEW.EXE.EMBED.MANIFEST.RES
D:\PROJECT\TEST\TREEVIEW\DEBUG\TREEVIEW.EXE.INTERMEDIATE.MANIFEST
D:\PROJECT\TEST\TREEVIEW\DEBUG\TREEVIEW.ILK
D:\PROJECT\TEST\TREEVIEW\DEBUG\TREEVIEW.OBJ
D:\PROJECT\TEST\TREEVIEW\DEBUG\TREEVIEW.PCH
D:\PROJECT\TEST\TREEVIEW\DEBUG\TREEVIEW.PDB
D:\PROJECT\TEST\TREEVIEW\DEBUG\TREEVIEW.RES
D:\project\test\treeview\Debug\treeview_manifest.rc
D:\PROJECT\TEST\TREEVIEW\DEBUG\TREEVIEWDLG.OBJ
D:\project\test\treeview\Debug\vc100.idb
D:\PROJECT\TEST\TREEVIEW\DEBUG\VC100.PDB
