生成启动时间为 2013/5/26 16:44:03。
     1>项目“D:\project\test\treeview\treeview.vcxproj”在节点 2 上(build 个目标)。
     1>InitializeBuildStatus:
         正在创建“Debug\treeview.unsuccessfulbuild”，因为已指定“AlwaysCreate”。
       ClCompile:
         所有输出均为最新。
         所有输出均为最新。
       ResourceCompile:
         C:\Program Files\Microsoft SDKs\Windows\v7.0A\bin\rc.exe /D _DEBUG /D _UNICODE /D UNICODE /D _AFXDLL /l"0x0804" /IDebug\ /nologo /fo"Debug\treeview.res" treeview.rc 
       ManifestResourceCompile:
         所有输出均为最新。
       Link:
         C:\Program Files\Microsoft Visual Studio 10.0\VC\bin\link.exe /ERRORREPORT:PROMPT /OUT:"D:\project\test\treeview\Debug\treeview.exe" /INCREMENTAL /NOLOGO /MANIFEST /ManifestFile:"Debug\treeview.exe.intermediate.manifest" /MANIFESTUAC:"level='asInvoker' uiAccess='false'" /DEBUG /PDB:"D:\project\test\treeview\Debug\treeview.pdb" /SUBSYSTEM:WINDOWS /TLBID:1 /ENTRY:"wWinMainCRTStartup" /DYNAMICBASE /NXCOMPAT /IMPLIB:"D:\project\test\treeview\Debug\treeview.lib" /MACHINE:X86 Debug\treeview.res
         Debug\treeview.exe.embed.manifest.res
         Debug\stdafx.obj
         Debug\titleShowDlg.obj
         Debug\TitleTemplateDlg.obj
         Debug\treeview.obj
         Debug\treeviewDlg.obj
       Manifest:
         C:\Program Files\Microsoft SDKs\Windows\v7.0A\bin\mt.exe /nologo /verbose /out:"Debug\treeview.exe.embed.manifest" /manifest Debug\treeview.exe.intermediate.manifest "C:\Program Files\Microsoft Visual Studio 10.0\VC\Include\Manifest\dpiaware.manifest"
         所有输出均为最新。
       LinkEmbedManifest:
         C:\Program Files\Microsoft Visual Studio 10.0\VC\bin\link.exe /ERRORREPORT:PROMPT /OUT:"D:\project\test\treeview\Debug\treeview.exe" /INCREMENTAL /NOLOGO /MANIFEST /ManifestFile:"Debug\treeview.exe.intermediate.manifest" /MANIFESTUAC:"level='asInvoker' uiAccess='false'" /DEBUG /PDB:"D:\project\test\treeview\Debug\treeview.pdb" /SUBSYSTEM:WINDOWS /TLBID:1 /ENTRY:"wWinMainCRTStartup" /DYNAMICBASE /NXCOMPAT /IMPLIB:"D:\project\test\treeview\Debug\treeview.lib" /MACHINE:X86 Debug\treeview.res
         Debug\treeview.exe.embed.manifest.res
         Debug\stdafx.obj
         Debug\titleShowDlg.obj
         Debug\TitleTemplateDlg.obj
         Debug\treeview.obj
         Debug\treeviewDlg.obj
         treeview.vcxproj -> D:\project\test\treeview\Debug\treeview.exe
       FinalizeBuildStatus:
         正在删除文件“Debug\treeview.unsuccessfulbuild”。
         正在对“Debug\treeview.lastbuildstate”执行 Touch 任务。
     1>已完成生成项目“D:\project\test\treeview\treeview.vcxproj”(build 个目标)的操作。

生成成功。

已用时间 00:00:05.62
